fe262a407870ffc998f263a7e9cfedbd0369eba0	2019-06-10 08:26:12	::1	User Login	Sukses
fe262a407870ffc998f263a7e9cfedbd0369eba0	2019-06-10 15:53:00	::1	Menghapus Perencanaan Audit dengan ID 8697930bdb01e71596095ab8dce65444296082eb	Sukses
fe262a407870ffc998f263a7e9cfedbd0369eba0	2019-06-10 15:53:05	::1	Menghapus Perencanaan Audit dengan ID 34119548fd8e932a77bc40fd0eb6b80000286c26	Sukses
fe262a407870ffc998f263a7e9cfedbd0369eba0	2019-06-10 15:53:08	::1	Menghapus Perencanaan Audit dengan ID 5af96ad07b8512723af64b223a7acc448a1d741a	Sukses
fe262a407870ffc998f263a7e9cfedbd0369eba0	2019-06-10 15:55:18	::1	Menambah Plan ID ffd409cd41cad37d1f7c22519bb98368068abb25	Sukses
fe262a407870ffc998f263a7e9cfedbd0369eba0	2019-06-10 15:57:50	::1	Menambah Plan ID c439c2603ec9f8291ef122f8a482c06d15b8ed63	Sukses
fe262a407870ffc998f263a7e9cfedbd0369eba0	2019-06-10 16:01:15	::1	Menghapus Perencanaan Audit dengan ID c439c2603ec9f8291ef122f8a482c06d15b8ed63	Sukses
fe262a407870ffc998f263a7e9cfedbd0369eba0	2019-06-10 16:01:18	::1	Menghapus Perencanaan Audit dengan ID ffd409cd41cad37d1f7c22519bb98368068abb25	Sukses
fe262a407870ffc998f263a7e9cfedbd0369eba0	2019-06-10 16:01:43	::1	Menambah Plan ID c49478709f46ca3037dc9d5b36f7e88c97d6789b	Sukses
fe262a407870ffc998f263a7e9cfedbd0369eba0	2019-06-10 16:04:22	::1	Menambah anggota dengan id e7f9a89c7e9a77541f78ed9a7742e1a07f96accb pada planning id c49478709f46ca3037dc9d5b36f7e88c97d6789b	Sukses
fe262a407870ffc998f263a7e9cfedbd0369eba0	2019-06-10 16:22:27	::1	Menambah anggota dengan id 85a539316a015397b5b5eab690f873b1a45e10b5 pada planning id c49478709f46ca3037dc9d5b36f7e88c97d6789b	Sukses
fe262a407870ffc998f263a7e9cfedbd0369eba0	2019-06-10 16:23:16	::1	Mengubah Anggota id 85a539316a015397b5b5eab690f873b1a45e10b5	Sukses
fe262a407870ffc998f263a7e9cfedbd0369eba0	2019-06-10 16:31:51	::1	Menghapus Referensi Audit ID 15d660386bb6c6f217af2d6fb7445fd0c2ec3bf3	Sukses
fe262a407870ffc998f263a7e9cfedbd0369eba0	2019-06-10 16:31:54	::1	Menghapus Referensi Audit ID d4e5a0e9d28128b5d3769ec228b86f842e66c1a2	Sukses
fe262a407870ffc998f263a7e9cfedbd0369eba0	2019-06-10 16:31:57	::1	Menghapus Referensi Audit ID 0903ea6c5f058aad630d8f7895a8d82f31e209fc	Sukses
fe262a407870ffc998f263a7e9cfedbd0369eba0	2019-06-10 16:32:02	::1	Menghapus Referensi Audit ID a45604f47012d42de7ecdfbcaa8fffb367c5b40a	Sukses
fe262a407870ffc998f263a7e9cfedbd0369eba0	2019-06-10 16:32:04	::1	Menghapus Referensi Audit ID 954fe996b9380dfdb647bbd869ba9780bc2311d4	Sukses
fe262a407870ffc998f263a7e9cfedbd0369eba0	2019-06-10 16:34:33	::1	Menambah anggota dengan id 5b453957609c67d1a87a97e2510bba38d7848720 pada planning id c49478709f46ca3037dc9d5b36f7e88c97d6789b	Sukses
fe262a407870ffc998f263a7e9cfedbd0369eba0	2019-06-10 16:34:38	::1	Menghapus anggota id 85a539316a015397b5b5eab690f873b1a45e10b5	Sukses
fe262a407870ffc998f263a7e9cfedbd0369eba0	2019-06-10 16:34:46	::1	Mengubah Anggota id 5b453957609c67d1a87a97e2510bba38d7848720	Sukses
fe262a407870ffc998f263a7e9cfedbd0369eba0	2019-06-10 16:35:25	::1	Mengubah Anggota id 5b453957609c67d1a87a97e2510bba38d7848720	Sukses
