fe262a407870ffc998f263a7e9cfedbd0369eba0	2019-06-19 11:03:02	::1	Mengubah Data Group ID 98ab4eb2262a169acc9716882a6cac9d0a07e6f3	Sukses
fe262a407870ffc998f263a7e9cfedbd0369eba0	2019-06-19 11:23:16	::1	Menghapus Perencanaan Audit dengan ID 72960ced9a36d021357f5121d239c567c461c232	Sukses
fe262a407870ffc998f263a7e9cfedbd0369eba0	2019-06-19 11:26:20	::1	Menghapus Penugasan Audit dengan ID 823cb4ea21a5417e03a5b5dca7d761433554bcfc	Sukses
fe262a407870ffc998f263a7e9cfedbd0369eba0	2019-06-19 11:26:25	::1	Menghapus Penugasan Audit dengan ID 41766188869fc6e587542729be83c1b222d59109	Sukses
fe262a407870ffc998f263a7e9cfedbd0369eba0	2019-06-19 11:45:42	::1	Menambah Plan ID 730a3869fe0a234277c86d54db3b03cd14b3e8ec	Sukses
fe262a407870ffc998f263a7e9cfedbd0369eba0	2019-06-19 14:04:53	::1	Menambah anggota dengan id 5c06ec394136d81295af030deb5bd9e5c4f3c561 pada planning id 730a3869fe0a234277c86d54db3b03cd14b3e8ec	Sukses
fe262a407870ffc998f263a7e9cfedbd0369eba0	2019-06-19 14:04:53	::1	Menambah anggota dengan id c9fd3938c4f6f19fdf4cf41c1179908794d740b6 pada planning id 730a3869fe0a234277c86d54db3b03cd14b3e8ec	Sukses
fe262a407870ffc998f263a7e9cfedbd0369eba0	2019-06-19 14:04:53	::1	Menambah anggota dengan id 0d8075a17ab233f52e0b14df31aa6855cdf31922 pada planning id 730a3869fe0a234277c86d54db3b03cd14b3e8ec	Sukses
fe262a407870ffc998f263a7e9cfedbd0369eba0	2019-06-19 14:06:37	::1	Menghapus anggota id 5c06ec394136d81295af030deb5bd9e5c4f3c561	Sukses
fe262a407870ffc998f263a7e9cfedbd0369eba0	2019-06-19 14:06:41	::1	Menghapus anggota id c9fd3938c4f6f19fdf4cf41c1179908794d740b6	Sukses
fe262a407870ffc998f263a7e9cfedbd0369eba0	2019-06-19 14:06:46	::1	Menghapus anggota id 0d8075a17ab233f52e0b14df31aa6855cdf31922	Sukses
fe262a407870ffc998f263a7e9cfedbd0369eba0	2019-06-19 14:07:15	::1	Menambah anggota dengan id 9876d8c0f79b1d50eea72dd55aa3b629d66f9f31 pada planning id 730a3869fe0a234277c86d54db3b03cd14b3e8ec	Sukses
fe262a407870ffc998f263a7e9cfedbd0369eba0	2019-06-19 14:07:15	::1	Menambah anggota dengan id 7195bf2084d7300c9dd7c2d6467f296c13ea2fbb pada planning id 730a3869fe0a234277c86d54db3b03cd14b3e8ec	Sukses
fe262a407870ffc998f263a7e9cfedbd0369eba0	2019-06-19 14:07:15	::1	Menambah anggota dengan id e39dc076f9d8e50d7e6acaf940e7d4da31494277 pada planning id 730a3869fe0a234277c86d54db3b03cd14b3e8ec	Sukses
fe262a407870ffc998f263a7e9cfedbd0369eba0	2019-06-19 14:07:58	::1	Menambah anggota dengan id b1398d619cf5d049b0e74899bb76c0f3cc4b121c pada planning id 730a3869fe0a234277c86d54db3b03cd14b3e8ec	Sukses
fe262a407870ffc998f263a7e9cfedbd0369eba0	2019-06-19 14:07:58	::1	Menambah anggota dengan id 8b1d28bf1a2f5e4e91a1257e1fdf8475c01ad84d pada planning id 730a3869fe0a234277c86d54db3b03cd14b3e8ec	Sukses
fe262a407870ffc998f263a7e9cfedbd0369eba0	2019-06-19 14:08:07	::1	Menghapus anggota id e39dc076f9d8e50d7e6acaf940e7d4da31494277	Sukses
fe262a407870ffc998f263a7e9cfedbd0369eba0	2019-06-19 14:09:09	::1	Menghapus anggota id 9876d8c0f79b1d50eea72dd55aa3b629d66f9f31	Sukses
fe262a407870ffc998f263a7e9cfedbd0369eba0	2019-06-19 14:09:13	::1	Menghapus anggota id b1398d619cf5d049b0e74899bb76c0f3cc4b121c	Sukses
fe262a407870ffc998f263a7e9cfedbd0369eba0	2019-06-19 14:09:17	::1	Menghapus anggota id 7195bf2084d7300c9dd7c2d6467f296c13ea2fbb	Sukses
fe262a407870ffc998f263a7e9cfedbd0369eba0	2019-06-19 14:09:20	::1	Menghapus anggota id 8b1d28bf1a2f5e4e91a1257e1fdf8475c01ad84d	Sukses
fe262a407870ffc998f263a7e9cfedbd0369eba0	2019-06-19 14:09:50	::1	Menambah anggota dengan id db84f3d94bf4d45082edafc329c46cd020baa7ff pada planning id 730a3869fe0a234277c86d54db3b03cd14b3e8ec	Sukses
fe262a407870ffc998f263a7e9cfedbd0369eba0	2019-06-19 14:09:50	::1	Menambah anggota dengan id bc0b64d939fc4206c8e193d04b342b3d9f0d7b42 pada planning id 730a3869fe0a234277c86d54db3b03cd14b3e8ec	Sukses
fe262a407870ffc998f263a7e9cfedbd0369eba0	2019-06-19 14:09:50	::1	Menambah anggota dengan id d0ef35008195d2f13959603982944df498481e96 pada planning id 730a3869fe0a234277c86d54db3b03cd14b3e8ec	Sukses
fe262a407870ffc998f263a7e9cfedbd0369eba0	2019-06-19 14:10:16	::1	Menambah anggota dengan id acf06bfe8714afbded8ac243f305ed5de5f624c3 pada planning id 730a3869fe0a234277c86d54db3b03cd14b3e8ec	Sukses
fe262a407870ffc998f263a7e9cfedbd0369eba0	2019-06-19 14:10:16	::1	Menambah anggota dengan id 541f7e9fa7bc226116c7e07b19ceb421f7739953 pada planning id 730a3869fe0a234277c86d54db3b03cd14b3e8ec	Sukses
fe262a407870ffc998f263a7e9cfedbd0369eba0	2019-06-19 14:11:20	::1	Menghapus anggota id 541f7e9fa7bc226116c7e07b19ceb421f7739953	Sukses
fe262a407870ffc998f263a7e9cfedbd0369eba0	2019-06-19 14:17:44	::1	Menambah anggota dengan id 31a169b4b32bf4481fd85b81804e63d1834b13d2 pada planning id 730a3869fe0a234277c86d54db3b03cd14b3e8ec	Sukses
fe262a407870ffc998f263a7e9cfedbd0369eba0	2019-06-19 14:17:44	::1	Menambah anggota dengan id a0e42e78cf8552c2d4a21f0e99c04de90ad79f5b pada planning id 730a3869fe0a234277c86d54db3b03cd14b3e8ec	Sukses
fe262a407870ffc998f263a7e9cfedbd0369eba0	2019-06-19 14:24:03	::1	Mengubah Status Penugasan Audit dengan ID fc18caae90279703b4c18b2097c08a314b8fb351 menjadi 1	Sukses
fe262a407870ffc998f263a7e9cfedbd0369eba0	2019-06-19 14:24:03	::1	Mengomentari Penugasan dengan ID fc18caae90279703b4c18b2097c08a314b8fb351	Sukses
fe262a407870ffc998f263a7e9cfedbd0369eba0	2019-06-19 14:25:38	::1	Mengubah Penugasan Audit dengan ID 4e8e3fcf2681b91b9dddb54f7f2f0673e0fcbd87	Sukses
fe262a407870ffc998f263a7e9cfedbd0369eba0	2019-06-19 14:30:14	::1	Mengubah Penugasan Audit dengan ID 4e8e3fcf2681b91b9dddb54f7f2f0673e0fcbd87	Sukses
